<?xml version="1.0" encoding="UTF-8"?>
<testng-results ignored="0" total="1" passed="1" failed="0" skipped="0">
  <reporter-output>
  </reporter-output>
  <suite started-at="2024-06-07T14:55:40 IST" name="Default suite" finished-at="2024-06-07T14:55:58 IST" duration-ms="18121">
    <groups>
    </groups>
    <test started-at="2024-06-07T14:55:40 IST" name="Default test" finished-at="2024-06-07T14:55:58 IST" duration-ms="18121">
      <class name="demo.GestureByJavascriptExecutor">
        <test-method signature="longClickAction()[pri:0, instance:demo.GestureByJavascriptExecutor@3e27aa33]" started-at="2024-06-07T14:55:40 IST" name="longClickAction" finished-at="2024-06-07T14:55:58 IST" duration-ms="18052" status="PASS">
          <reporter-output>
          </reporter-output>
        </test-method> <!-- longClickAction -->
      </class> <!-- demo.GestureByJavascriptExecutor -->
    </test> <!-- Default test -->
  </suite> <!-- Default suite -->
</testng-results>
